<?xml version="1.0" encoding="UTF-8"?>
<coverage generated="1433326999">
  <project timestamp="1433326999">
    <file name="/var/www/gd2-php-ocr/loader.php">
      <line num="13" type="stmt" count="1"/>
      <line num="14" type="stmt" count="1"/>
      <line num="15" type="stmt" count="1"/>
      <line num="16" type="stmt" count="1"/>
      <line num="17" type="stmt" count="0"/>
      <line num="20" type="stmt" count="1"/>
      <line num="21" type="stmt" count="1"/>
      <line num="22" type="stmt" count="1"/>
      <line num="23" type="stmt" count="1"/>
      <line num="24" type="stmt" count="1"/>
      <line num="25" type="stmt" count="1"/>
      <metrics loc="24" ncloc="16" classes="0" methods="0" coveredmethods="0" conditionals="0" coveredconditionals="0" statements="10" coveredstatements="9" elements="10" coveredelements="9"/>
    </file>
    <package name="bpteam\phpOCR">
      <file name="/var/www/gd2-php-ocr/src/phpOCR/Divider.php">
        <class name="Divider" namespace="bpteam\phpOCR" fullPackage="phpOCR" package="phpOCR">
          <metrics methods="15" coveredmethods="12" conditionals="0" coveredconditionals="0" statements="192" coveredstatements="187" elements="207" coveredelements="199"/>
        </class>
        <line num="35" type="method" name="getColorsIndex" crap="4" count="12"/>
        <line num="37" type="stmt" count="12"/>
        <line num="38" type="stmt" count="12"/>
        <line num="39" type="stmt" count="12"/>
        <line num="40" type="stmt" count="12"/>
        <line num="41" type="stmt" count="12"/>
        <line num="42" type="stmt" count="12"/>
        <line num="43" type="stmt" count="12"/>
        <line num="44" type="stmt" count="12"/>
        <line num="45" type="stmt" count="12"/>
        <line num="46" type="stmt" count="12"/>
        <line num="47" type="stmt" count="12"/>
        <line num="49" type="stmt" count="12"/>
        <line num="50" type="stmt" count="12"/>
        <line num="51" type="stmt" count="12"/>
        <line num="53" type="stmt" count="12"/>
        <line num="61" type="method" name="getColorsIndexTextAndBackground" crap="3" count="12"/>
        <line num="63" type="stmt" count="12"/>
        <line num="64" type="stmt" count="12"/>
        <line num="65" type="stmt" count="12"/>
        <line num="66" type="stmt" count="12"/>
        <line num="67" type="stmt" count="12"/>
        <line num="69" type="stmt" count="12"/>
        <line num="70" type="stmt" count="12"/>
        <line num="71" type="stmt" count="12"/>
        <line num="72" type="stmt" count="12"/>
        <line num="73" type="stmt" count="12"/>
        <line num="74" type="stmt" count="12"/>
        <line num="75" type="stmt" count="12"/>
        <line num="76" type="stmt" count="12"/>
        <line num="78" type="stmt" count="12"/>
        <line num="86" type="method" name="changeBackgroundBrightness" crap="3" count="12"/>
        <line num="88" type="stmt" count="12"/>
        <line num="89" type="stmt" count="12"/>
        <line num="90" type="stmt" count="12"/>
        <line num="91" type="stmt" count="12"/>
        <line num="92" type="stmt" count="12"/>
        <line num="93" type="stmt" count="12"/>
        <line num="94" type="stmt" count="1"/>
        <line num="96" type="stmt" count="12"/>
        <line num="97" type="stmt" count="1"/>
        <line num="98" type="stmt" count="1"/>
        <line num="99" type="stmt" count="1"/>
        <line num="100" type="stmt" count="12"/>
        <line num="102" type="stmt" count="12"/>
        <line num="105" type="method" name="addBorder" crap="1" count="12"/>
        <line num="107" type="stmt" count="12"/>
        <line num="108" type="stmt" count="12"/>
        <line num="109" type="stmt" count="12"/>
        <line num="110" type="stmt" count="12"/>
        <line num="111" type="stmt" count="12"/>
        <line num="112" type="stmt" count="12"/>
        <line num="113" type="stmt" count="12"/>
        <line num="116" type="method" name="getSizeBorder" crap="2" count="0"/>
        <line num="118" type="stmt" count="0"/>
        <line num="121" type="method" name="setSizeBotder" crap="2" count="0"/>
        <line num="123" type="stmt" count="0"/>
        <line num="124" type="stmt" count="0"/>
        <line num="131" type="method" name="byLine" crap="7" count="3"/>
        <line num="133" type="stmt" count="3"/>
        <line num="134" type="stmt" count="3"/>
        <line num="135" type="stmt" count="3"/>
        <line num="136" type="stmt" count="3"/>
        <line num="137" type="stmt" count="3"/>
        <line num="139" type="stmt" count="3"/>
        <line num="140" type="stmt" count="3"/>
        <line num="141" type="stmt" count="3"/>
        <line num="142" type="stmt" count="3"/>
        <line num="143" type="stmt" count="3"/>
        <line num="144" type="stmt" count="3"/>
        <line num="145" type="stmt" count="3"/>
        <line num="147" type="stmt" count="3"/>
        <line num="148" type="stmt" count="3"/>
        <line num="149" type="stmt" count="3"/>
        <line num="150" type="stmt" count="3"/>
        <line num="151" type="stmt" count="3"/>
        <line num="152" type="stmt" count="3"/>
        <line num="153" type="stmt" count="3"/>
        <line num="154" type="stmt" count="3"/>
        <line num="155" type="stmt" count="3"/>
        <line num="157" type="stmt" count="3"/>
        <line num="158" type="stmt" count="3"/>
        <line num="159" type="stmt" count="3"/>
        <line num="160" type="stmt" count="3"/>
        <line num="161" type="stmt" count="3"/>
        <line num="162" type="stmt" count="3"/>
        <line num="163" type="stmt" count="3"/>
        <line num="164" type="stmt" count="3"/>
        <line num="166" type="stmt" count="3"/>
        <line num="174" type="method" name="byWord" crap="3" count="2"/>
        <line num="176" type="stmt" count="2"/>
        <line num="177" type="stmt" count="2"/>
        <line num="178" type="stmt" count="2"/>
        <line num="179" type="stmt" count="2"/>
        <line num="180" type="stmt" count="2"/>
        <line num="181" type="stmt" count="2"/>
        <line num="182" type="stmt" count="2"/>
        <line num="184" type="stmt" count="2"/>
        <line num="185" type="stmt" count="2"/>
        <line num="186" type="stmt" count="2"/>
        <line num="187" type="stmt" count="2"/>
        <line num="188" type="stmt" count="2"/>
        <line num="189" type="stmt" count="2"/>
        <line num="190" type="stmt" count="2"/>
        <line num="191" type="stmt" count="2"/>
        <line num="192" type="stmt" count="2"/>
        <line num="194" type="stmt" count="2"/>
        <line num="202" type="method" name="byChar" crap="4" count="1"/>
        <line num="204" type="stmt" count="1"/>
        <line num="205" type="stmt" count="1"/>
        <line num="206" type="stmt" count="1"/>
        <line num="207" type="stmt" count="1"/>
        <line num="208" type="stmt" count="1"/>
        <line num="209" type="stmt" count="1"/>
        <line num="210" type="stmt" count="1"/>
        <line num="211" type="stmt" count="1"/>
        <line num="213" type="stmt" count="1"/>
        <line num="214" type="stmt" count="1"/>
        <line num="215" type="stmt" count="1"/>
        <line num="216" type="stmt" count="1"/>
        <line num="217" type="stmt" count="1"/>
        <line num="218" type="stmt" count="1"/>
        <line num="219" type="stmt" count="1"/>
        <line num="220" type="stmt" count="1"/>
        <line num="221" type="stmt" count="1"/>
        <line num="222" type="stmt" count="1"/>
        <line num="223" type="stmt" count="1"/>
        <line num="224" type="stmt" count="1"/>
        <line num="225" type="stmt" count="1"/>
        <line num="226" type="stmt" count="1"/>
        <line num="227" type="stmt" count="1"/>
        <line num="228" type="stmt" count="1"/>
        <line num="238" type="method" name="coordinatesImg" crap="4" count="4"/>
        <line num="240" type="stmt" count="4"/>
        <line num="241" type="stmt" count="2"/>
        <line num="242" type="stmt" count="2"/>
        <line num="243" type="stmt" count="2"/>
        <line num="245" type="stmt" count="4"/>
        <line num="246" type="stmt" count="4"/>
        <line num="247" type="stmt" count="4"/>
        <line num="248" type="stmt" count="4"/>
        <line num="249" type="stmt" count="4"/>
        <line num="250" type="stmt" count="4"/>
        <line num="251" type="stmt" count="4"/>
        <line num="252" type="stmt" count="4"/>
        <line num="253" type="stmt" count="4"/>
        <line num="254" type="stmt" count="4"/>
        <line num="255" type="stmt" count="4"/>
        <line num="256" type="stmt" count="4"/>
        <line num="257" type="stmt" count="4"/>
        <line num="258" type="stmt" count="4"/>
        <line num="259" type="stmt" count="4"/>
        <line num="260" type="stmt" count="4"/>
        <line num="261" type="stmt" count="4"/>
        <line num="262" type="stmt" count="4"/>
        <line num="264" type="stmt" count="4"/>
        <line num="267" type="method" name="getBlocks" crap="5" count="4"/>
        <line num="269" type="stmt" count="4"/>
        <line num="270" type="stmt" count="4"/>
        <line num="272" type="stmt" count="4"/>
        <line num="273" type="stmt" count="4"/>
        <line num="274" type="stmt" count="4"/>
        <line num="275" type="stmt" count="4"/>
        <line num="276" type="stmt" count="4"/>
        <line num="277" type="stmt" count="4"/>
        <line num="278" type="stmt" count="1"/>
        <line num="279" type="stmt" count="1"/>
        <line num="280" type="stmt" count="1"/>
        <line num="281" type="stmt" count="4"/>
        <line num="282" type="stmt" count="4"/>
        <line num="285" type="method" name="isTopBorder" crap="7" count="4"/>
        <line num="287" type="stmt" count="4"/>
        <line num="288" type="stmt" count="4"/>
        <line num="289" type="stmt" count="4"/>
        <line num="290" type="stmt" count="4"/>
        <line num="291" type="stmt" count="4"/>
        <line num="294" type="method" name="isBottomBorder" crap="7" count="4"/>
        <line num="296" type="stmt" count="4"/>
        <line num="297" type="stmt" count="4"/>
        <line num="298" type="stmt" count="4"/>
        <line num="299" type="stmt" count="4"/>
        <line num="300" type="stmt" count="4"/>
        <line num="303" type="method" name="isSpaceBetweenLines" crap="4" count="4"/>
        <line num="305" type="stmt" count="4"/>
        <line num="306" type="stmt" count="4"/>
        <line num="307" type="stmt" count="4"/>
        <line num="308" type="stmt" count="4"/>
        <line num="317" type="method" name="boldText" crap="6.04" count="5"/>
        <line num="319" type="stmt" count="5"/>
        <line num="320" type="stmt" count="5"/>
        <line num="321" type="stmt" count="5"/>
        <line num="322" type="stmt" count="5"/>
        <line num="323" type="stmt" count="5"/>
        <line num="324" type="stmt" count="5"/>
        <line num="325" type="stmt" count="5"/>
        <line num="326" type="stmt" count="5"/>
        <line num="327" type="stmt" count="5"/>
        <line num="328" type="stmt" count="5"/>
        <line num="329" type="stmt" count="5"/>
        <line num="330" type="stmt" count="5"/>
        <line num="331" type="stmt" count="5"/>
        <line num="332" type="stmt" count="0"/>
        <line num="333" type="stmt" count="0"/>
        <line num="334" type="stmt" count="5"/>
        <line num="335" type="stmt" count="5"/>
        <line num="336" type="stmt" count="5"/>
        <line num="337" type="stmt" count="5"/>
        <metrics loc="339" ncloc="267" classes="1" methods="15" coveredmethods="12" conditionals="0" coveredconditionals="0" statements="192" coveredstatements="187" elements="207" coveredelements="199"/>
      </file>
      <file name="/var/www/gd2-php-ocr/src/phpOCR/Img.php">
        <class name="Img" namespace="bpteam\phpOCR">
          <metrics methods="7" coveredmethods="3" conditionals="0" coveredconditionals="0" statements="79" coveredstatements="60" elements="86" coveredelements="63"/>
        </class>
        <line num="16" type="method" name="open" crap="6.34" count="12"/>
        <line num="18" type="stmt" count="12"/>
        <line num="19" type="stmt" count="12"/>
        <line num="20" type="stmt" count="12"/>
        <line num="21" type="stmt" count="12"/>
        <line num="22" type="stmt" count="12"/>
        <line num="25" type="stmt" count="12"/>
        <line num="26" type="stmt" count="12"/>
        <line num="27" type="stmt" count="12"/>
        <line num="28" type="stmt" count="1"/>
        <line num="29" type="stmt" count="0"/>
        <line num="30" type="stmt" count="0"/>
        <line num="31" type="stmt" count="1"/>
        <line num="32" type="stmt" count="0"/>
        <line num="33" type="stmt" count="0"/>
        <line num="34" type="stmt" count="1"/>
        <line num="35" type="stmt" count="1"/>
        <line num="36" type="stmt" count="1"/>
        <line num="37" type="stmt" count="1"/>
        <line num="38" type="stmt" count="12"/>
        <line num="41" type="method" name="openPNG" crap="1" count="12"/>
        <line num="43" type="stmt" count="12"/>
        <line num="44" type="stmt" count="12"/>
        <line num="45" type="stmt" count="12"/>
        <line num="46" type="stmt" count="12"/>
        <line num="47" type="stmt" count="12"/>
        <line num="48" type="stmt" count="12"/>
        <line num="49" type="stmt" count="12"/>
        <line num="50" type="stmt" count="12"/>
        <line num="51" type="stmt" count="12"/>
        <line num="54" type="method" name="openUnknown" crap="2.00" count="1"/>
        <line num="56" type="stmt" count="1"/>
        <line num="57" type="stmt" count="1"/>
        <line num="58" type="stmt" count="1"/>
        <line num="59" type="stmt" count="1"/>
        <line num="60" type="stmt" count="1"/>
        <line num="61" type="stmt" count="1"/>
        <line num="62" type="stmt" count="1"/>
        <line num="63" type="stmt" count="1"/>
        <line num="64" type="stmt" count="1"/>
        <line num="65" type="stmt" count="0"/>
        <line num="67" type="stmt" count="1"/>
        <line num="77" type="method" name="resize" crap="2.00" count="1"/>
        <line num="79" type="stmt" count="1"/>
        <line num="80" type="stmt" count="1"/>
        <line num="81" type="stmt" count="1"/>
        <line num="82" type="stmt" count="1"/>
        <line num="83" type="stmt" count="1"/>
        <line num="84" type="stmt" count="1"/>
        <line num="85" type="stmt" count="1"/>
        <line num="86" type="stmt" count="1"/>
        <line num="87" type="stmt" count="0"/>
        <line num="89" type="stmt" count="1"/>
        <line num="91" type="stmt" count="1"/>
        <line num="94" type="method" name="show" crap="20" count="0"/>
        <line num="96" type="stmt" count="0"/>
        <line num="97" type="stmt" count="0"/>
        <line num="98" type="stmt" count="0"/>
        <line num="99" type="stmt" count="0"/>
        <line num="100" type="stmt" count="0"/>
        <line num="101" type="stmt" count="0"/>
        <line num="102" type="stmt" count="0"/>
        <line num="103" type="stmt" count="0"/>
        <line num="104" type="stmt" count="0"/>
        <line num="105" type="stmt" count="0"/>
        <line num="106" type="stmt" count="0"/>
        <line num="107" type="stmt" count="0"/>
        <line num="109" type="stmt" count="0"/>
        <line num="117" type="method" name="getMidColorFromIndexes" crap="2" count="12"/>
        <line num="119" type="stmt" count="12"/>
        <line num="120" type="stmt" count="12"/>
        <line num="121" type="stmt" count="12"/>
        <line num="122" type="stmt" count="12"/>
        <line num="123" type="stmt" count="12"/>
        <line num="124" type="stmt" count="12"/>
        <line num="125" type="stmt" count="12"/>
        <line num="126" type="stmt" count="12"/>
        <line num="127" type="stmt" count="12"/>
        <line num="128" type="stmt" count="12"/>
        <line num="129" type="stmt" count="12"/>
        <line num="130" type="stmt" count="12"/>
        <line num="131" type="stmt" count="12"/>
        <line num="132" type="stmt" count="12"/>
        <line num="141" type="method" name="getBrightnessFromIndex" crap="1" count="12"/>
        <line num="143" type="stmt" count="12"/>
        <line num="145" type="stmt" count="12"/>
        <metrics loc="146" ncloc="119" classes="1" methods="7" coveredmethods="3" conditionals="0" coveredconditionals="0" statements="79" coveredstatements="60" elements="86" coveredelements="63"/>
      </file>
      <file name="/var/www/gd2-php-ocr/src/phpOCR/Recognizer.php">
        <class name="Recognizer" namespace="bpteam\phpOCR">
          <metrics methods="13" coveredmethods="1" conditionals="0" coveredconditionals="0" statements="92" coveredstatements="19" elements="105" coveredelements="20"/>
        </class>
        <line num="28" type="method" name="openImg" crap="2" count="12"/>
        <line num="30" type="stmt" count="12"/>
        <line num="31" type="stmt" count="12"/>
        <line num="32" type="stmt" count="12"/>
        <line num="33" type="stmt" count="12"/>
        <line num="34" type="stmt" count="12"/>
        <line num="35" type="stmt" count="12"/>
        <line num="38" type="method" name="getInfelicity" crap="2" count="0"/>
        <line num="40" type="stmt" count="0"/>
        <line num="43" type="method" name="setInfelicity" crap="2" count="0"/>
        <line num="45" type="stmt" count="0"/>
        <line num="46" type="stmt" count="0"/>
        <line num="51" type="method" name="getTemplateDir" crap="2" count="0"/>
        <line num="53" type="stmt" count="0"/>
        <line num="59" type="method" name="setTemplateDir" crap="2" count="0"/>
        <line num="61" type="stmt" count="0"/>
        <line num="62" type="stmt" count="0"/>
        <line num="71" type="method" name="generateTemplateChar" crap="6.09" count="1"/>
        <line num="73" type="stmt" count="1"/>
        <line num="74" type="stmt" count="0"/>
        <line num="75" type="stmt" count="0"/>
        <line num="76" type="stmt" count="1"/>
        <line num="77" type="stmt" count="1"/>
        <line num="78" type="stmt" count="1"/>
        <line num="79" type="stmt" count="1"/>
        <line num="80" type="stmt" count="1"/>
        <line num="81" type="stmt" count="1"/>
        <line num="82" type="stmt" count="1"/>
        <line num="83" type="stmt" count="1"/>
        <line num="84" type="stmt" count="1"/>
        <line num="86" type="stmt" count="1"/>
        <line num="87" type="stmt" count="1"/>
        <line num="88" type="stmt" count="1"/>
        <line num="97" type="method" name="generateTemplate" crap="12" count="0"/>
        <line num="99" type="stmt" count="0"/>
        <line num="100" type="stmt" count="0"/>
        <line num="102" type="stmt" count="0"/>
        <line num="103" type="stmt" count="0"/>
        <line num="104" type="stmt" count="0"/>
        <line num="105" type="stmt" count="0"/>
        <line num="107" type="stmt" count="0"/>
        <line num="115" type="method" name="saveTemplate" crap="2" count="0"/>
        <line num="117" type="stmt" count="0"/>
        <line num="118" type="stmt" count="0"/>
        <line num="119" type="stmt" count="0"/>
        <line num="120" type="stmt" count="0"/>
        <line num="127" type="method" name="loadTemplate" crap="6" count="0"/>
        <line num="129" type="stmt" count="0"/>
        <line num="130" type="stmt" count="0"/>
        <line num="131" type="stmt" count="0"/>
        <line num="132" type="stmt" count="0"/>
        <line num="133" type="stmt" count="0"/>
        <line num="135" type="stmt" count="0"/>
        <line num="144" type="method" name="defineChar" crap="12" count="0"/>
        <line num="146" type="stmt" count="0"/>
        <line num="147" type="stmt" count="0"/>
        <line num="148" type="stmt" count="0"/>
        <line num="149" type="stmt" count="0"/>
        <line num="151" type="stmt" count="0"/>
        <line num="152" type="stmt" count="0"/>
        <line num="161" type="method" name="compareChar" crap="6" count="0"/>
        <line num="163" type="stmt" count="0"/>
        <line num="164" type="stmt" count="0"/>
        <line num="165" type="stmt" count="0"/>
        <line num="167" type="stmt" count="0"/>
        <line num="177" type="method" name="read" crap="42" count="0"/>
        <line num="179" type="stmt" count="0"/>
        <line num="180" type="stmt" count="0"/>
        <line num="181" type="stmt" count="0"/>
        <line num="182" type="stmt" count="0"/>
        <line num="183" type="stmt" count="0"/>
        <line num="184" type="stmt" count="0"/>
        <line num="185" type="stmt" count="0"/>
        <line num="186" type="stmt" count="0"/>
        <line num="187" type="stmt" count="0"/>
        <line num="188" type="stmt" count="0"/>
        <line num="189" type="stmt" count="0"/>
        <line num="190" type="stmt" count="0"/>
        <line num="191" type="stmt" count="0"/>
        <line num="192" type="stmt" count="0"/>
        <line num="193" type="stmt" count="0"/>
        <line num="194" type="stmt" count="0"/>
        <line num="196" type="stmt" count="0"/>
        <line num="204" type="method" name="findUniqueChar" crap="72" count="0"/>
        <line num="206" type="stmt" count="0"/>
        <line num="207" type="stmt" count="0"/>
        <line num="208" type="stmt" count="0"/>
        <line num="209" type="stmt" count="0"/>
        <line num="210" type="stmt" count="0"/>
        <line num="211" type="stmt" count="0"/>
        <line num="212" type="stmt" count="0"/>
        <line num="213" type="stmt" count="0"/>
        <line num="214" type="stmt" count="0"/>
        <line num="215" type="stmt" count="0"/>
        <line num="216" type="stmt" count="0"/>
        <line num="217" type="stmt" count="0"/>
        <line num="218" type="stmt" count="0"/>
        <line num="219" type="stmt" count="0"/>
        <line num="220" type="stmt" count="0"/>
        <line num="221" type="stmt" count="0"/>
        <line num="223" type="stmt" count="0"/>
        <line num="224" type="stmt" count="0"/>
        <line num="225" type="stmt" count="0"/>
        <line num="226" type="stmt" count="0"/>
        <line num="228" type="stmt" count="0"/>
        <metrics loc="230" ncloc="162" classes="1" methods="13" coveredmethods="1" conditionals="0" coveredconditionals="0" statements="92" coveredstatements="19" elements="105" coveredelements="20"/>
      </file>
    </package>
    <metrics files="4" loc="739" ncloc="564" classes="3" methods="35" coveredmethods="16" conditionals="0" coveredconditionals="0" statements="373" coveredstatements="275" elements="408" coveredelements="291"/>
  </project>
</coverage>
