<?xml version="1.0" encoding="UTF-8"?>
<coverage generated="1433312926">
  <project timestamp="1433312926">
    <file name="/var/www/gd2-php-ocr/loader.php">
      <line num="13" type="stmt" count="1"/>
      <line num="14" type="stmt" count="1"/>
      <line num="15" type="stmt" count="1"/>
      <line num="16" type="stmt" count="1"/>
      <line num="17" type="stmt" count="0"/>
      <line num="20" type="stmt" count="1"/>
      <line num="21" type="stmt" count="1"/>
      <line num="22" type="stmt" count="1"/>
      <line num="23" type="stmt" count="1"/>
      <line num="24" type="stmt" count="1"/>
      <line num="25" type="stmt" count="1"/>
      <metrics loc="24" ncloc="16" classes="0" methods="0" coveredmethods="0" conditionals="0" coveredconditionals="0" statements="10" coveredstatements="9" elements="10" coveredelements="9"/>
    </file>
    <package name="bpteam\phpOCR">
      <file name="/var/www/gd2-php-ocr/src/phpOCR/phpOCR.php">
        <class name="phpOCR" namespace="bpteam\phpOCR" fullPackage="phpOCR" package="phpOCR">
          <metrics methods="30" coveredmethods="12" conditionals="0" coveredconditionals="0" statements="366" coveredstatements="257" elements="396" coveredelements="269"/>
        </class>
        <line num="46" type="method" name="openImg" crap="6.14" count="12"/>
        <line num="48" type="stmt" count="12"/>
        <line num="49" type="stmt" count="12"/>
        <line num="50" type="stmt" count="12"/>
        <line num="51" type="stmt" count="12"/>
        <line num="52" type="stmt" count="12"/>
        <line num="53" type="stmt" count="12"/>
        <line num="54" type="stmt" count="12"/>
        <line num="55" type="stmt" count="12"/>
        <line num="56" type="stmt" count="12"/>
        <line num="57" type="stmt" count="12"/>
        <line num="58" type="stmt" count="1"/>
        <line num="59" type="stmt" count="0"/>
        <line num="60" type="stmt" count="0"/>
        <line num="61" type="stmt" count="1"/>
        <line num="62" type="stmt" count="0"/>
        <line num="63" type="stmt" count="0"/>
        <line num="64" type="stmt" count="1"/>
        <line num="65" type="stmt" count="1"/>
        <line num="66" type="stmt" count="1"/>
        <line num="67" type="stmt" count="1"/>
        <line num="68" type="stmt" count="1"/>
        <line num="69" type="stmt" count="1"/>
        <line num="70" type="stmt" count="1"/>
        <line num="71" type="stmt" count="1"/>
        <line num="72" type="stmt" count="1"/>
        <line num="73" type="stmt" count="1"/>
        <line num="74" type="stmt" count="0"/>
        <line num="75" type="stmt" count="0"/>
        <line num="77" type="stmt" count="1"/>
        <line num="78" type="stmt" count="12"/>
        <line num="79" type="stmt" count="12"/>
        <line num="80" type="stmt" count="12"/>
        <line num="81" type="stmt" count="12"/>
        <line num="82" type="stmt" count="12"/>
        <line num="83" type="stmt" count="12"/>
        <line num="84" type="stmt" count="12"/>
        <line num="85" type="stmt" count="12"/>
        <line num="87" type="stmt" count="12"/>
        <line num="96" type="method" name="getColorsIndex" crap="4" count="12"/>
        <line num="98" type="stmt" count="12"/>
        <line num="99" type="stmt" count="12"/>
        <line num="100" type="stmt" count="12"/>
        <line num="101" type="stmt" count="12"/>
        <line num="102" type="stmt" count="12"/>
        <line num="103" type="stmt" count="12"/>
        <line num="104" type="stmt" count="12"/>
        <line num="105" type="stmt" count="12"/>
        <line num="106" type="stmt" count="12"/>
        <line num="107" type="stmt" count="12"/>
        <line num="108" type="stmt" count="12"/>
        <line num="110" type="stmt" count="12"/>
        <line num="111" type="stmt" count="12"/>
        <line num="112" type="stmt" count="12"/>
        <line num="114" type="stmt" count="12"/>
        <line num="122" type="method" name="getColorsIndexTextAndBackground" crap="3" count="12"/>
        <line num="124" type="stmt" count="12"/>
        <line num="125" type="stmt" count="12"/>
        <line num="126" type="stmt" count="12"/>
        <line num="127" type="stmt" count="12"/>
        <line num="128" type="stmt" count="12"/>
        <line num="130" type="stmt" count="12"/>
        <line num="131" type="stmt" count="12"/>
        <line num="132" type="stmt" count="12"/>
        <line num="133" type="stmt" count="12"/>
        <line num="134" type="stmt" count="12"/>
        <line num="135" type="stmt" count="12"/>
        <line num="136" type="stmt" count="12"/>
        <line num="137" type="stmt" count="12"/>
        <line num="138" type="stmt" count="12"/>
        <line num="139" type="stmt" count="12"/>
        <line num="140" type="stmt" count="12"/>
        <line num="142" type="stmt" count="12"/>
        <line num="150" type="method" name="changeBackgroundBrightness" crap="3" count="12"/>
        <line num="152" type="stmt" count="12"/>
        <line num="153" type="stmt" count="12"/>
        <line num="154" type="stmt" count="12"/>
        <line num="155" type="stmt" count="12"/>
        <line num="156" type="stmt" count="12"/>
        <line num="157" type="stmt" count="12"/>
        <line num="158" type="stmt" count="1"/>
        <line num="160" type="stmt" count="12"/>
        <line num="161" type="stmt" count="1"/>
        <line num="162" type="stmt" count="1"/>
        <line num="163" type="stmt" count="1"/>
        <line num="164" type="stmt" count="12"/>
        <line num="166" type="stmt" count="12"/>
        <line num="175" type="method" name="getMidColorFromIndexes" crap="2" count="12"/>
        <line num="177" type="stmt" count="12"/>
        <line num="178" type="stmt" count="12"/>
        <line num="179" type="stmt" count="12"/>
        <line num="180" type="stmt" count="12"/>
        <line num="181" type="stmt" count="12"/>
        <line num="182" type="stmt" count="12"/>
        <line num="183" type="stmt" count="12"/>
        <line num="184" type="stmt" count="12"/>
        <line num="185" type="stmt" count="12"/>
        <line num="186" type="stmt" count="12"/>
        <line num="189" type="method" name="getSizeBorder" crap="2" count="0"/>
        <line num="191" type="stmt" count="0"/>
        <line num="194" type="method" name="setSizeBotder" crap="2" count="0"/>
        <line num="196" type="stmt" count="0"/>
        <line num="197" type="stmt" count="0"/>
        <line num="199" type="method" name="getInfelicity" crap="2" count="0"/>
        <line num="201" type="stmt" count="0"/>
        <line num="204" type="method" name="setInfelicity" crap="2" count="0"/>
        <line num="206" type="stmt" count="0"/>
        <line num="207" type="stmt" count="0"/>
        <line num="212" type="method" name="getTemplateDir" crap="2" count="0"/>
        <line num="214" type="stmt" count="0"/>
        <line num="220" type="method" name="setTemplateDir" crap="2" count="0"/>
        <line num="222" type="stmt" count="0"/>
        <line num="223" type="stmt" count="0"/>
        <line num="230" type="method" name="divideByLine" crap="7" count="3"/>
        <line num="232" type="stmt" count="3"/>
        <line num="233" type="stmt" count="3"/>
        <line num="234" type="stmt" count="3"/>
        <line num="235" type="stmt" count="3"/>
        <line num="236" type="stmt" count="3"/>
        <line num="238" type="stmt" count="3"/>
        <line num="239" type="stmt" count="3"/>
        <line num="240" type="stmt" count="3"/>
        <line num="241" type="stmt" count="3"/>
        <line num="242" type="stmt" count="3"/>
        <line num="243" type="stmt" count="3"/>
        <line num="244" type="stmt" count="3"/>
        <line num="246" type="stmt" count="3"/>
        <line num="247" type="stmt" count="3"/>
        <line num="248" type="stmt" count="3"/>
        <line num="249" type="stmt" count="3"/>
        <line num="250" type="stmt" count="3"/>
        <line num="251" type="stmt" count="3"/>
        <line num="252" type="stmt" count="3"/>
        <line num="253" type="stmt" count="3"/>
        <line num="254" type="stmt" count="3"/>
        <line num="256" type="stmt" count="3"/>
        <line num="257" type="stmt" count="3"/>
        <line num="258" type="stmt" count="3"/>
        <line num="259" type="stmt" count="3"/>
        <line num="260" type="stmt" count="3"/>
        <line num="261" type="stmt" count="3"/>
        <line num="262" type="stmt" count="3"/>
        <line num="263" type="stmt" count="3"/>
        <line num="264" type="stmt" count="3"/>
        <line num="265" type="stmt" count="3"/>
        <line num="267" type="stmt" count="3"/>
        <line num="275" type="method" name="divideByWord" crap="3" count="2"/>
        <line num="277" type="stmt" count="2"/>
        <line num="278" type="stmt" count="2"/>
        <line num="279" type="stmt" count="2"/>
        <line num="280" type="stmt" count="2"/>
        <line num="281" type="stmt" count="2"/>
        <line num="282" type="stmt" count="2"/>
        <line num="283" type="stmt" count="2"/>
        <line num="285" type="stmt" count="2"/>
        <line num="286" type="stmt" count="2"/>
        <line num="287" type="stmt" count="2"/>
        <line num="288" type="stmt" count="2"/>
        <line num="289" type="stmt" count="2"/>
        <line num="290" type="stmt" count="2"/>
        <line num="291" type="stmt" count="2"/>
        <line num="292" type="stmt" count="2"/>
        <line num="293" type="stmt" count="2"/>
        <line num="294" type="stmt" count="2"/>
        <line num="295" type="stmt" count="2"/>
        <line num="296" type="stmt" count="2"/>
        <line num="297" type="stmt" count="2"/>
        <line num="299" type="stmt" count="2"/>
        <line num="307" type="method" name="divideByChar" crap="4" count="1"/>
        <line num="309" type="stmt" count="1"/>
        <line num="310" type="stmt" count="1"/>
        <line num="311" type="stmt" count="1"/>
        <line num="312" type="stmt" count="1"/>
        <line num="313" type="stmt" count="1"/>
        <line num="314" type="stmt" count="1"/>
        <line num="315" type="stmt" count="1"/>
        <line num="316" type="stmt" count="1"/>
        <line num="318" type="stmt" count="1"/>
        <line num="319" type="stmt" count="1"/>
        <line num="320" type="stmt" count="1"/>
        <line num="321" type="stmt" count="1"/>
        <line num="322" type="stmt" count="1"/>
        <line num="323" type="stmt" count="1"/>
        <line num="324" type="stmt" count="1"/>
        <line num="325" type="stmt" count="1"/>
        <line num="326" type="stmt" count="1"/>
        <line num="327" type="stmt" count="1"/>
        <line num="328" type="stmt" count="1"/>
        <line num="329" type="stmt" count="1"/>
        <line num="330" type="stmt" count="1"/>
        <line num="331" type="stmt" count="1"/>
        <line num="332" type="stmt" count="1"/>
        <line num="333" type="stmt" count="1"/>
        <line num="343" type="method" name="coordinatesImg" crap="8" count="4"/>
        <line num="345" type="stmt" count="4"/>
        <line num="346" type="stmt" count="2"/>
        <line num="347" type="stmt" count="2"/>
        <line num="348" type="stmt" count="2"/>
        <line num="350" type="stmt" count="4"/>
        <line num="351" type="stmt" count="4"/>
        <line num="352" type="stmt" count="4"/>
        <line num="353" type="stmt" count="4"/>
        <line num="354" type="stmt" count="4"/>
        <line num="355" type="stmt" count="4"/>
        <line num="356" type="stmt" count="4"/>
        <line num="357" type="stmt" count="4"/>
        <line num="358" type="stmt" count="4"/>
        <line num="359" type="stmt" count="4"/>
        <line num="360" type="stmt" count="4"/>
        <line num="361" type="stmt" count="4"/>
        <line num="362" type="stmt" count="4"/>
        <line num="363" type="stmt" count="4"/>
        <line num="364" type="stmt" count="4"/>
        <line num="365" type="stmt" count="4"/>
        <line num="366" type="stmt" count="4"/>
        <line num="367" type="stmt" count="4"/>
        <line num="368" type="stmt" count="4"/>
        <line num="369" type="stmt" count="4"/>
        <line num="371" type="stmt" count="4"/>
        <line num="372" type="stmt" count="4"/>
        <line num="373" type="stmt" count="4"/>
        <line num="374" type="stmt" count="4"/>
        <line num="375" type="stmt" count="4"/>
        <line num="376" type="stmt" count="4"/>
        <line num="377" type="stmt" count="1"/>
        <line num="378" type="stmt" count="1"/>
        <line num="379" type="stmt" count="1"/>
        <line num="380" type="stmt" count="4"/>
        <line num="382" type="stmt" count="4"/>
        <line num="385" type="method" name="isTopBorder" crap="7" count="4"/>
        <line num="387" type="stmt" count="4"/>
        <line num="388" type="stmt" count="4"/>
        <line num="389" type="stmt" count="4"/>
        <line num="390" type="stmt" count="4"/>
        <line num="391" type="stmt" count="4"/>
        <line num="394" type="method" name="isBottomBorder" crap="7" count="4"/>
        <line num="396" type="stmt" count="4"/>
        <line num="397" type="stmt" count="4"/>
        <line num="398" type="stmt" count="4"/>
        <line num="399" type="stmt" count="4"/>
        <line num="400" type="stmt" count="4"/>
        <line num="403" type="method" name="isSpaceBetweenLines" crap="4" count="4"/>
        <line num="405" type="stmt" count="4"/>
        <line num="406" type="stmt" count="4"/>
        <line num="407" type="stmt" count="4"/>
        <line num="408" type="stmt" count="4"/>
        <line num="417" type="method" name="getBrightnessFromIndex" crap="1" count="12"/>
        <line num="419" type="stmt" count="12"/>
        <line num="421" type="stmt" count="12"/>
        <line num="430" type="method" name="boldText" crap="6.04" count="5"/>
        <line num="432" type="stmt" count="5"/>
        <line num="433" type="stmt" count="5"/>
        <line num="434" type="stmt" count="5"/>
        <line num="435" type="stmt" count="5"/>
        <line num="436" type="stmt" count="5"/>
        <line num="437" type="stmt" count="5"/>
        <line num="438" type="stmt" count="5"/>
        <line num="439" type="stmt" count="5"/>
        <line num="440" type="stmt" count="5"/>
        <line num="441" type="stmt" count="5"/>
        <line num="442" type="stmt" count="5"/>
        <line num="443" type="stmt" count="5"/>
        <line num="444" type="stmt" count="5"/>
        <line num="445" type="stmt" count="0"/>
        <line num="446" type="stmt" count="0"/>
        <line num="447" type="stmt" count="5"/>
        <line num="448" type="stmt" count="5"/>
        <line num="449" type="stmt" count="5"/>
        <line num="450" type="stmt" count="5"/>
        <line num="460" type="method" name="resizeImg" crap="2.00" count="1"/>
        <line num="462" type="stmt" count="1"/>
        <line num="463" type="stmt" count="1"/>
        <line num="464" type="stmt" count="1"/>
        <line num="465" type="stmt" count="1"/>
        <line num="466" type="stmt" count="1"/>
        <line num="467" type="stmt" count="1"/>
        <line num="468" type="stmt" count="1"/>
        <line num="469" type="stmt" count="1"/>
        <line num="470" type="stmt" count="0"/>
        <line num="472" type="stmt" count="1"/>
        <line num="474" type="stmt" count="1"/>
        <line num="485" type="method" name="generateTemplateChar" crap="6.06" count="1"/>
        <line num="487" type="stmt" count="1"/>
        <line num="488" type="stmt" count="1"/>
        <line num="489" type="stmt" count="1"/>
        <line num="490" type="stmt" count="0"/>
        <line num="491" type="stmt" count="0"/>
        <line num="492" type="stmt" count="1"/>
        <line num="493" type="stmt" count="1"/>
        <line num="494" type="stmt" count="1"/>
        <line num="495" type="stmt" count="1"/>
        <line num="496" type="stmt" count="1"/>
        <line num="497" type="stmt" count="1"/>
        <line num="498" type="stmt" count="1"/>
        <line num="499" type="stmt" count="1"/>
        <line num="500" type="stmt" count="1"/>
        <line num="502" type="stmt" count="1"/>
        <line num="503" type="stmt" count="1"/>
        <line num="504" type="stmt" count="1"/>
        <line num="513" type="method" name="generateTemplate" crap="12" count="0"/>
        <line num="515" type="stmt" count="0"/>
        <line num="516" type="stmt" count="0"/>
        <line num="518" type="stmt" count="0"/>
        <line num="519" type="stmt" count="0"/>
        <line num="520" type="stmt" count="0"/>
        <line num="521" type="stmt" count="0"/>
        <line num="523" type="stmt" count="0"/>
        <line num="531" type="method" name="saveTemplate" crap="2" count="0"/>
        <line num="533" type="stmt" count="0"/>
        <line num="534" type="stmt" count="0"/>
        <line num="535" type="stmt" count="0"/>
        <line num="536" type="stmt" count="0"/>
        <line num="543" type="method" name="loadTemplate" crap="6" count="0"/>
        <line num="545" type="stmt" count="0"/>
        <line num="546" type="stmt" count="0"/>
        <line num="547" type="stmt" count="0"/>
        <line num="548" type="stmt" count="0"/>
        <line num="549" type="stmt" count="0"/>
        <line num="551" type="stmt" count="0"/>
        <line num="560" type="method" name="defineChar" crap="12" count="0"/>
        <line num="562" type="stmt" count="0"/>
        <line num="563" type="stmt" count="0"/>
        <line num="564" type="stmt" count="0"/>
        <line num="565" type="stmt" count="0"/>
        <line num="567" type="stmt" count="0"/>
        <line num="568" type="stmt" count="0"/>
        <line num="577" type="method" name="compareChar" crap="6" count="0"/>
        <line num="579" type="stmt" count="0"/>
        <line num="580" type="stmt" count="0"/>
        <line num="581" type="stmt" count="0"/>
        <line num="583" type="stmt" count="0"/>
        <line num="593" type="method" name="defineImg" crap="42" count="0"/>
        <line num="595" type="stmt" count="0"/>
        <line num="596" type="stmt" count="0"/>
        <line num="597" type="stmt" count="0"/>
        <line num="598" type="stmt" count="0"/>
        <line num="599" type="stmt" count="0"/>
        <line num="600" type="stmt" count="0"/>
        <line num="601" type="stmt" count="0"/>
        <line num="602" type="stmt" count="0"/>
        <line num="603" type="stmt" count="0"/>
        <line num="604" type="stmt" count="0"/>
        <line num="605" type="stmt" count="0"/>
        <line num="606" type="stmt" count="0"/>
        <line num="607" type="stmt" count="0"/>
        <line num="608" type="stmt" count="0"/>
        <line num="609" type="stmt" count="0"/>
        <line num="610" type="stmt" count="0"/>
        <line num="612" type="stmt" count="0"/>
        <line num="620" type="method" name="findUniqueChar" crap="72" count="0"/>
        <line num="622" type="stmt" count="0"/>
        <line num="623" type="stmt" count="0"/>
        <line num="624" type="stmt" count="0"/>
        <line num="625" type="stmt" count="0"/>
        <line num="626" type="stmt" count="0"/>
        <line num="627" type="stmt" count="0"/>
        <line num="628" type="stmt" count="0"/>
        <line num="629" type="stmt" count="0"/>
        <line num="630" type="stmt" count="0"/>
        <line num="631" type="stmt" count="0"/>
        <line num="632" type="stmt" count="0"/>
        <line num="633" type="stmt" count="0"/>
        <line num="634" type="stmt" count="0"/>
        <line num="635" type="stmt" count="0"/>
        <line num="636" type="stmt" count="0"/>
        <line num="637" type="stmt" count="0"/>
        <line num="639" type="stmt" count="0"/>
        <line num="640" type="stmt" count="0"/>
        <line num="641" type="stmt" count="0"/>
        <line num="642" type="stmt" count="0"/>
        <line num="644" type="stmt" count="0"/>
        <line num="647" type="method" name="showImg" crap="30" count="0"/>
        <line num="649" type="stmt" count="0"/>
        <line num="650" type="stmt" count="0"/>
        <line num="651" type="stmt" count="0"/>
        <line num="652" type="stmt" count="0"/>
        <line num="653" type="stmt" count="0"/>
        <line num="654" type="stmt" count="0"/>
        <line num="655" type="stmt" count="0"/>
        <line num="656" type="stmt" count="0"/>
        <line num="657" type="stmt" count="0"/>
        <line num="658" type="stmt" count="0"/>
        <line num="659" type="stmt" count="0"/>
        <line num="660" type="stmt" count="0"/>
        <line num="661" type="stmt" count="0"/>
        <line num="662" type="stmt" count="0"/>
        <line num="664" type="stmt" count="0"/>
        <line num="665" type="stmt" count="0"/>
        <line num="666" type="stmt" count="0"/>
        <line num="667" type="stmt" count="0"/>
        <line num="668" type="stmt" count="0"/>
        <line num="669" type="stmt" count="0"/>
        <line num="670" type="stmt" count="0"/>
        <line num="671" type="stmt" count="0"/>
        <line num="672" type="stmt" count="0"/>
        <line num="674" type="stmt" count="0"/>
        <metrics loc="675" ncloc="520" classes="1" methods="30" coveredmethods="12" conditionals="0" coveredconditionals="0" statements="366" coveredstatements="257" elements="396" coveredelements="269"/>
      </file>
    </package>
    <metrics files="2" loc="699" ncloc="536" classes="1" methods="30" coveredmethods="12" conditionals="0" coveredconditionals="0" statements="376" coveredstatements="266" elements="406" coveredelements="278"/>
  </project>
</coverage>
